<?xml version="1.0" encoding="UTF-8"?>
<!-- Generated by org.testng.reporters.JUnitReportReporter -->
<testsuite hostname="Raja" failures="0" tests="1" name="java_basic.LargestTwoNumbers" time="0.007" errors="0" timestamp="2023-06-08T13:18:32 IST" skipped="0">
  <testcase classname="java_basic.LargestTwoNumbers" name="largestTwoNumbers" time="0.007"/>
  <system-out/>
</testsuite> <!-- java_basic.LargestTwoNumbers -->
