<?xml version="1.0" encoding="UTF-8"?>
<!-- Generated by org.testng.reporters.JUnitReportReporter -->
<testsuite skipped="0" hostname="Raja" name="java_basic.splitting_String_with_delimeter" tests="1" failures="0" timestamp="2023-06-14T13:35:25 IST" time="0.012" errors="0">
  <testcase name="concatinate" time="0.012" classname="java_basic.splitting_String_with_delimeter"/>
  <system-out/>
</testsuite> <!-- java_basic.splitting_String_with_delimeter -->
