<?xml version="1.0" encoding="UTF-8"?>
<!-- Generated by org.testng.reporters.JUnitReportReporter -->
<testsuite hostname="Raja" failures="0" tests="1" name="ArraysCoding.BinarySearch_Array" time="0.012" errors="0" timestamp="2023-06-07T10:56:01 IST" skipped="0">
  <testcase classname="ArraysCoding.BinarySearch_Array" name="Binary" time="0.012"/>
  <system-out/>
</testsuite> <!-- ArraysCoding.BinarySearch_Array -->
