<?xml version="1.0" encoding="UTF-8"?>
<!-- Generated by org.testng.reporters.JUnitReportReporter -->
<testsuite hostname="Raja" failures="0" tests="1" name="ArraysCoding.removeWhiteSpacesInString" time="0.013" errors="0" timestamp="2023-06-06T17:12:58 IST" skipped="0">
  <testcase classname="ArraysCoding.removeWhiteSpacesInString" name="remove" time="0.013"/>
  <system-out/>
</testsuite> <!-- ArraysCoding.removeWhiteSpacesInString -->
