<?xml version="1.0" encoding="UTF-8"?>
<!-- Generated by org.testng.reporters.JUnitReportReporter -->
<testsuite hostname="Raja" failures="0" tests="1" name="ArraysCoding.SortingByinBuildMethods" time="0.014" errors="0" timestamp="2023-06-06T16:56:44 IST" skipped="0">
  <testcase classname="ArraysCoding.SortingByinBuildMethods" name="reverseOrder" time="0.014"/>
  <system-out/>
</testsuite> <!-- ArraysCoding.SortingByinBuildMethods -->
