<?xml version="1.0" encoding="UTF-8"?>
<!-- Generated by org.testng.reporters.JUnitReportReporter -->
<testsuite hostname="Raja" failures="0" tests="1" name="java_basic.Small_CaptalLetters_String" time="0.008" errors="0" timestamp="2023-06-08T13:36:35 IST" skipped="0">
  <testcase classname="java_basic.Small_CaptalLetters_String" name="letter" time="0.008"/>
  <system-out/>
</testsuite> <!-- java_basic.Small_CaptalLetters_String -->
