<?xml version="1.0" encoding="UTF-8"?>
<!-- Generated by org.testng.reporters.JUnitReportReporter -->
<testsuite hostname="Raja" failures="0" tests="1" name="ArraysCoding.CountOccurence" time="0.013" errors="0" timestamp="2023-06-06T17:30:41 IST" skipped="0">
  <testcase classname="ArraysCoding.CountOccurence" name="CharOccurence" time="0.013"/>
  <system-out/>
</testsuite> <!-- ArraysCoding.CountOccurence -->
