<?xml version="1.0" encoding="UTF-8"?>
<!-- Generated by org.testng.reporters.JUnitReportReporter -->
<testsuite hostname="Raja" failures="0" tests="1" name="ArraysCoding.NumberOfWordInString" time="0.012" errors="0" timestamp="2023-06-06T17:47:36 IST" skipped="0">
  <testcase classname="ArraysCoding.NumberOfWordInString" name="wordsInString" time="0.012"/>
  <system-out/>
</testsuite> <!-- ArraysCoding.NumberOfWordInString -->
